<testsuites id="" name="" tests="1" failures="0" skipped="0" errors="0" time="5.330362999999999">
<testsuite name="login\login.spec.ts" timestamp="2026-07-07T08:25:19.053Z" hostname="chromium" tests="1" failures="0" skipped="0" time="2.661" errors="0">
<testcase name="Verify user can login with valid credentials" classname="login\login.spec.ts" time="2.661">
<system-out>
<![CDATA[7/7/2026, 1:55:22 pm [INFO] Entering Username
7/7/2026, 1:55:22 pm [INFO] Entering Password
7/7/2026, 1:55:22 pm [INFO] Clicking Login Button
7/7/2026, 1:55:22 pm [SUCCESS] Login request submitted successfully
7/7/2026, 1:55:22 pm [SUCCESS] User logged in successfully
]]>
</system-out>
</testcase>
</testsuite>
</testsuites>